[2024/08/07 01:23:34] LocalTracks INFO: get_tracks: modules_folder = /home/runner/work/smr/smr/modules
[2024/08/07 01:23:34] LocalTracks INFO: get_tracks: size = 8
[2024/08/07 01:23:34] Pull DEBUG: from_track: [AFWall-Boot-AntiLeak] -> type: GIT
[2024/08/07 01:23:34] Pull DEBUG: from_track: [Package_Installer_v2] -> type: ONLINE_JSON
[2024/08/07 01:23:34] Pull DEBUG: from_track: [PlayIntegrityFix] -> type: ONLINE_JSON
[2024/08/07 01:23:34] Pull DEBUG: from_track: [QuickSwitch] -> type: GIT
[2024/08/07 01:23:34] Pull DEBUG: from_track: [Viper4Android-RE] -> type: ONLINE_JSON
[2024/08/07 01:23:34] Pull DEBUG: from_track: [Zygisk-Assistant] -> type: ONLINE_JSON
[2024/08/07 01:23:34] Pull DEBUG: from_track: [nano-ndk] -> type: ONLINE_JSON
[2024/08/07 01:23:34] Pull DEBUG: from_track: [playcurl] -> type: ONLINE_JSON
[2024/08/07 01:23:35] Pull INFO: _check_version_code: [Zygisk-Assistant] -> already the latest version
[2024/08/07 01:23:35] Pull INFO: _check_version_code: [nano-ndk] -> already the latest version
[2024/08/07 01:23:35] Pull INFO: _check_version_code: [PlayIntegrityFix] -> already the latest version
[2024/08/07 01:23:35] Pull INFO: _check_version_code: [Viper4Android-RE] -> already the latest version
[2024/08/07 01:23:35] Pull INFO: _check_version_code: [playcurl] -> already the latest version
[2024/08/07 01:23:35] Pull INFO: _check_version_code: [Package_Installer_v2] -> already the latest version
[2024/08/07 01:23:35] Pull INFO: _check_version_code: [AFWall-Boot-AntiLeak] -> already the latest version
[2024/08/07 01:23:42] Pull INFO: _check_version_code: [QuickSwitch] -> already the latest version
[2024/08/07 01:23:43] LocalTracks INFO: get_tracks: modules_folder = /home/runner/work/smr/smr/modules
[2024/08/07 01:23:43] LocalTracks INFO: get_tracks: size = 8
[2024/08/07 06:26:46] LocalTracks INFO: get_tracks: modules_folder = /home/runner/work/smr/smr/modules
[2024/08/07 06:26:46] LocalTracks INFO: get_tracks: size = 8
[2024/08/07 06:26:46] Pull DEBUG: from_track: [AFWall-Boot-AntiLeak] -> type: GIT
[2024/08/07 06:26:46] Pull DEBUG: from_track: [Package_Installer_v2] -> type: ONLINE_JSON
[2024/08/07 06:26:46] Pull DEBUG: from_track: [PlayIntegrityFix] -> type: ONLINE_JSON
[2024/08/07 06:26:46] Pull DEBUG: from_track: [QuickSwitch] -> type: GIT
[2024/08/07 06:26:46] Pull DEBUG: from_track: [Viper4Android-RE] -> type: ONLINE_JSON
[2024/08/07 06:26:46] Pull DEBUG: from_track: [Zygisk-Assistant] -> type: ONLINE_JSON
[2024/08/07 06:26:46] Pull DEBUG: from_track: [nano-ndk] -> type: ONLINE_JSON
[2024/08/07 06:26:46] Pull DEBUG: from_track: [playcurl] -> type: ONLINE_JSON
[2024/08/07 06:26:46] Pull INFO: _check_version_code: [Zygisk-Assistant] -> already the latest version
[2024/08/07 06:26:46] Pull INFO: _check_version_code: [Viper4Android-RE] -> already the latest version
[2024/08/07 06:26:46] Pull INFO: _check_version_code: [playcurl] -> already the latest version
[2024/08/07 06:26:46] Pull INFO: _check_version_code: [Package_Installer_v2] -> already the latest version
[2024/08/07 06:26:46] Pull INFO: _check_version_code: [PlayIntegrityFix] -> already the latest version
[2024/08/07 06:26:46] Pull INFO: _check_version_code: [nano-ndk] -> already the latest version
[2024/08/07 06:26:46] Pull INFO: _check_version_code: [AFWall-Boot-AntiLeak] -> already the latest version
[2024/08/07 06:26:52] Pull INFO: _check_version_code: [QuickSwitch] -> already the latest version
[2024/08/07 06:26:53] LocalTracks INFO: get_tracks: modules_folder = /home/runner/work/smr/smr/modules
[2024/08/07 06:26:53] LocalTracks INFO: get_tracks: size = 8
[2024/08/07 12:37:11] LocalTracks INFO: get_tracks: modules_folder = /home/runner/work/smr/smr/modules
[2024/08/07 12:37:11] LocalTracks INFO: get_tracks: size = 8
[2024/08/07 12:37:11] Pull DEBUG: from_track: [AFWall-Boot-AntiLeak] -> type: GIT
[2024/08/07 12:37:11] Pull DEBUG: from_track: [Package_Installer_v2] -> type: ONLINE_JSON
[2024/08/07 12:37:11] Pull DEBUG: from_track: [PlayIntegrityFix] -> type: ONLINE_JSON
[2024/08/07 12:37:11] Pull DEBUG: from_track: [QuickSwitch] -> type: GIT
[2024/08/07 12:37:11] Pull DEBUG: from_track: [Viper4Android-RE] -> type: ONLINE_JSON
[2024/08/07 12:37:11] Pull DEBUG: from_track: [Zygisk-Assistant] -> type: ONLINE_JSON
[2024/08/07 12:37:11] Pull DEBUG: from_track: [nano-ndk] -> type: ONLINE_JSON
[2024/08/07 12:37:11] Pull DEBUG: from_track: [playcurl] -> type: ONLINE_JSON
[2024/08/07 12:37:11] Pull INFO: _check_version_code: [nano-ndk] -> already the latest version
[2024/08/07 12:37:11] Pull INFO: _check_version_code: [Zygisk-Assistant] -> already the latest version
[2024/08/07 12:37:11] Pull INFO: _check_version_code: [PlayIntegrityFix] -> already the latest version
[2024/08/07 12:37:11] Pull INFO: _check_version_code: [playcurl] -> already the latest version
[2024/08/07 12:37:11] Pull INFO: _check_version_code: [Package_Installer_v2] -> already the latest version
[2024/08/07 12:37:11] Pull INFO: _check_version_code: [Viper4Android-RE] -> already the latest version
[2024/08/07 12:37:11] Pull INFO: _check_version_code: [AFWall-Boot-AntiLeak] -> already the latest version
[2024/08/07 12:37:17] Pull INFO: _check_version_code: [QuickSwitch] -> already the latest version
[2024/08/07 12:37:18] LocalTracks INFO: get_tracks: modules_folder = /home/runner/work/smr/smr/modules
[2024/08/07 12:37:18] LocalTracks INFO: get_tracks: size = 8
